#
# A fatal error has been detected by the Java Runtime Environment:
#
#  Internal Error (javaClasses.cpp:136), pid=4392, tid=3924
#  fatal error: Invalid layout of preloaded class
#
# JRE version:  (7.0_40-b43) (build )
# Java VM: Java HotSpot(TM) Client VM (24.0-b56 mixed mode windows-x86 )
# Failed to write core dump. Minidumps are not enabled by default on client versions of Windows
#
# If you would like to submit a bug report, please visit:
#   http://bugreport.sun.com/bugreport/crash.jsp
#

---------------  T H R E A D  ---------------

Current thread (0x0099c800):  JavaThread "Unknown thread" [_thread_in_vm, id=3924, stack(0x00a70000,0x00ac0000)]

Stack: [0x00a70000,0x00ac0000],  sp=0x00abf354,  free space=316k
Native frames: (J=compiled Java code, j=interpreted, Vv=VM code, C=native code)
V  [jvm.dll+0x18db91]
V  [jvm.dll+0x187936]
V  [jvm.dll+0x3582a]
V  [jvm.dll+0x358b6]
V  [jvm.dll+0x43fdd]
V  [jvm.dll+0x4428e]
V  [jvm.dll+0x923fa]
V  [jvm.dll+0x927ab]
V  [jvm.dll+0x13d761]
V  [jvm.dll+0x16023c]
V  [jvm.dll+0xc8c5f]
C  [javaw.exe+0x13ce]
C  [javaw.exe+0x1e40]
C  [javaw.exe+0xa5b1]
C  [javaw.exe+0xa63b]
C  [kernel32.dll+0x4ef1c]
C  [ntdll.dll+0x63648]
C  [ntdll.dll+0x6361b]


---------------  P R O C E S S  ---------------

Java Threads: ( => current thread )

Other Threads:

=>0x0099c800 (exited) JavaThread "Unknown thread" [_thread_in_vm, id=3924, stack(0x00a70000,0x00ac0000)]

VM state:not at safepoint (not fully initialized)

VM Mutex/Monitor currently owned by a thread: None

GC Heap History (0 events):
No events

Deoptimization events (0 events):
No events

Internal exceptions (0 events):
No events

Events (10 events):
Event: 0.014 loading class 0x00828d08 done
Event: 0.014 loading class 0x00828798 done
Event: 0.014 loading class 0x00828778
Event: 0.015 loading class 0x0082fa78
Event: 0.015 loading class 0x0082fa78 done
Event: 0.015 loading class 0x0082faa8
Event: 0.015 loading class 0x0082faa8 done
Event: 0.015 loading class 0x0082fad8
Event: 0.015 loading class 0x0082fad8 done
Event: 0.015 loading class 0x00828778 done


Dynamic libraries:
0x00b60000 - 0x00b8f000 	E:\Program Files\Java\jre7\bin\javaw.exe
0x77680000 - 0x777c2000 	C:\windows\SYSTEM32\ntdll.dll
0x775a0000 - 0x77675000 	C:\windows\system32\kernel32.dll
0x758a0000 - 0x758eb000 	C:\windows\system32\KERNELBASE.dll
0x76150000 - 0x761f1000 	C:\windows\system32\ADVAPI32.dll
0x76f70000 - 0x7701c000 	C:\windows\system32\msvcrt.dll
0x75c90000 - 0x75ca9000 	C:\windows\SYSTEM32\sechost.dll
0x770c0000 - 0x77162000 	C:\windows\system32\RPCRT4.dll
0x774d0000 - 0x77599000 	C:\windows\system32\USER32.dll
0x76100000 - 0x7614e000 	C:\windows\system32\GDI32.dll
0x75b00000 - 0x75b0a000 	C:\windows\system32\LPK.dll
0x77310000 - 0x773ad000 	C:\windows\system32\USP10.dll
0x745f0000 - 0x7478e000 	C:\windows\WinSxS\x86_microsoft.windows.common-controls_6595b64144ccf1df_6.0.7601.18837_none_41e855142bd5705d\COMCTL32.dll
0x77870000 - 0x778c7000 	C:\windows\system32\SHLWAPI.dll
0x777d0000 - 0x777ef000 	C:\windows\system32\IMM32.DLL
0x75e70000 - 0x75f3c000 	C:\windows\system32\MSCTF.dll
0x684f0000 - 0x685ae000 	E:\Program Files\Java\jre7\bin\msvcr100.dll
0x65720000 - 0x65aa0000 	E:\Program Files\Java\jre7\bin\client\jvm.dll
0x74550000 - 0x74557000 	C:\windows\system32\WSOCK32.dll
0x77800000 - 0x77835000 	C:\windows\system32\WS2_32.dll
0x75c00000 - 0x75c06000 	C:\windows\system32\NSI.dll
0x73e10000 - 0x73e42000 	C:\windows\system32\WINMM.dll
0x777f0000 - 0x777f5000 	C:\windows\system32\PSAPI.DLL
0x6d110000 - 0x6d11c000 	E:\Program Files\Java\jre7\bin\verify.dll
0x6bf10000 - 0x6bf30000 	E:\Program Files\Java\jre7\bin\java.dll
0x6bef0000 - 0x6bf03000 	E:\Program Files\Java\jre7\bin\zip.dll
0x6e160000 - 0x6e24b000 	C:\windows\system32\dbghelp.dll

VM Arguments:
jvm_args: -Dfile.encoding=GBK -Xbootclasspath:F:\Android\adt-bundle-windows-x86-20140624\sdk\platforms\android-14\android.jar 
java_command: com.wxf.http.HttpUtil
Launcher Type: SUN_STANDARD

Environment Variables:
JAVA_HOME=E:\Program Files\Java\jdk1.6.0_43;E:\Program Files\Java\jdk1.7.0_40;C:\Program Files\Java\jdk1.8.0_31
CLASSPATH=.;E:\Program Files\Java\jdk1.6.0_43;E:\Program Files\Java\jdk1.7.0_40;C:\Program Files\Java\jdk1.8.0_31\lib;E:\Program Files\Java\jdk1.6.0_43;E:\Program Files\Java\jdk1.7.0_40;C:\Program Files\Java\jdk1.8.0_31\lib\tools.jar£»E:\Program Files\MySQL\MySQL Server 5.1\bin£»
PATH=C:/Program Files/Java/jre1.8.0_31/bin/client;C:/Program Files/Java/jre1.8.0_31/bin;C:/Program Files/Java/jre1.8.0_31/lib/i386;C:\ProgramData\Oracle\Java\javapath;C:\windows\system32;E:\Program Files\Java\jdk1.6.0_43;E:\Program Files\Java\jdk1.7.0_40;C:\Program Files\Java\jdk1.8.0_31\bin;E:\Program Files\Java\jdk1.6.0_43;E:\Program Files\Java\jdk1.7.0_40;C:\Program Files\Java\jdk1.8.0_31\jre\bin;E:\Program Files\apache-tomcat-7.0.52\lib;E:\Program Files\apache-tomcat-7.0.52\bin;F:\Android\adt-bundle-windows-x86-20140624\sdk\platform-tools;;C:\windows;C:\windows\system32\wbem;F:\Android\adt-bundle-windows-x86-20140624\eclipse;
USERNAME=Administrator
OS=Windows_NT
PROCESSOR_IDENTIFIER=x86 Family 18 Model 1 Stepping 0, AuthenticAMD



---------------  S Y S T E M  ---------------

OS: Windows 7 Build 7601 Service Pack 1

CPU:total 4 (4 cores per cpu, 1 threads per core) family 18 model 1 stepping 0, cmov, cx8, fxsr, mmx, sse, sse2, sse3, popcnt, mmxext, 3dnowpref, lzcnt, sse4a, tsc, tscinvbit, tscinv

Memory: 4k page, physical 1546352k(325552k free), swap 3587724k(722240k free)

vm_info: Java HotSpot(TM) Client VM (24.0-b56) for windows-x86 JRE (1.7.0_40-b43), built on Aug 26 2013 22:34:40 by "java_re" with unknown MS VC++:1600

time: Wed Oct 05 13:37:48 2016
elapsed time: 0 seconds

